[2021-05-22T17:08:26.916600+02:00] main.DEBUG: Logout successful for uid=0, from 127.0.0.1 [] []
[2021-05-22T17:08:41.441058+02:00] main.DEBUG: Logout successful for uid=0, from 127.0.0.1 [] []
[2021-05-22T17:08:43.439643+02:00] main.DEBUG: Logout successful for uid=0, from 127.0.0.1 [] []
[2021-05-22T17:09:51.986512+02:00] main.DEBUG: Logout successful for uid=0, from 127.0.0.1 [] []
[2021-05-22T17:16:23.797712+02:00] main.DEBUG: Login successful for email marry@marry.com, from 127.0.0.1 on 2021-05-22 17:16:23  [] []
[2021-05-22T17:18:41.215362+02:00] main.DEBUG: Logout successful for uid=0, from 127.0.0.1 [] []
[2021-05-22T17:20:13.742362+02:00] main.DEBUG: Login successful for email marry@marry.com, from 127.0.0.1 on 2021-05-22 17:20:13  [] []
[2021-05-22T17:21:33.044581+02:00] main.DEBUG: Logout successful for uid=0, from 127.0.0.1 [] []
[2021-05-22T17:21:50.097469+02:00] main.DEBUG: Login successful for email marry@marry.com, from 127.0.0.1 on 2021-05-22 17:21:50  [] []
[2021-05-22T17:27:58.114937+02:00] main.DEBUG: Login successful for email marry@marry.com, from 127.0.0.1 on 2021-05-22 17:27:58  [] []
[2021-05-22T17:28:06.909227+02:00] main.DEBUG: Logout successful for uid=0, from 127.0.0.1 [] []
[2021-05-22T17:28:28.837440+02:00] main.DEBUG: Logout successful for uid=0, from 127.0.0.1 [] []
[2021-05-22T17:33:21.765685+02:00] main.DEBUG: Login successful for email marry@marry.com, from 127.0.0.1 on 2021-05-22 17:33:21  [] []
[2021-05-22T17:42:14.718026+02:00] main.DEBUG: Login successful for email marry@marry.com, from 127.0.0.1 on 2021-05-22 17:42:14  [] []
[2021-05-22T17:45:06.137224+02:00] main.DEBUG: Session Check in Admin: ,   [] []
[2021-05-22T17:46:48.986797+02:00] main.DEBUG: Logout successful for uid=0, from 127.0.0.1 [] []
[2021-05-22T17:46:54.127367+02:00] main.DEBUG: Logout successful for uid=0, from 127.0.0.1 [] []
[2021-05-22T17:47:05.695916+02:00] main.DEBUG: Logout successful for uid=0, from 127.0.0.1 [] []
[2021-05-22T17:47:29.913679+02:00] main.DEBUG: Session Check in Admin: 2,   [] []
[2021-05-22T17:47:29.915915+02:00] main.DEBUG: Login successful for email marry@marry.com, from 127.0.0.1 on 2021-05-22 17:47:29  [] []
[2021-05-22T17:47:35.255885+02:00] main.DEBUG: Session Check in Admin: ,   [] []
[2021-05-22T17:47:36.937757+02:00] main.DEBUG: Session Check in Admin: ,   [] []
[2021-05-22T18:23:30.704273+02:00] main.DEBUG: Session Check in Admin: ,   [] []
[2021-05-22T18:23:31.434034+02:00] main.DEBUG: Session Check in Admin: ,   [] []
[2021-05-22T18:24:22.975901+02:00] main.DEBUG: Session Check in Admin: ,   [] []
[2021-05-22T18:25:00.706323+02:00] main.DEBUG: Session Check in Admin: 2, , marry  [] []
[2021-05-22T18:25:00.707621+02:00] main.DEBUG: Login successful for email marry@marry.com, from 127.0.0.1 on 2021-05-22 18:25:00  [] []
[2021-05-22T18:25:16.220699+02:00] main.DEBUG: Session Check in Admin: ,   [] []
[2021-05-22T18:28:46.312501+02:00] main.DEBUG: Session Check in Admin: ,   [] []
[2021-05-22T18:28:55.947379+02:00] main.DEBUG: Session Check in Admin: 2, 1, marry  [] []
[2021-05-22T18:28:55.949130+02:00] main.DEBUG: Login successful for email marry@marry.com, from 127.0.0.1 on 2021-05-22 18:28:55  [] []
[2021-05-22T18:29:47.159408+02:00] main.DEBUG: Session Check in Admin: ,   [] []
[2021-05-22T18:30:38.441153+02:00] main.DEBUG: Session Check in Admin: ,   [] []
[2021-05-22T18:38:34.590811+02:00] main.DEBUG: Session Check in Admin: 2, 1, marry  [] []
[2021-05-22T18:38:34.592455+02:00] main.DEBUG: Login successful for email marry@marry.com, from 127.0.0.1 on 2021-05-22 18:38:34  [] []
[2021-05-22T18:38:46.101466+02:00] main.DEBUG: Session Check in Admin: ,   [] []
[2021-05-22T18:38:46.735586+02:00] main.DEBUG: Session Check in Admin: ,   [] []
[2021-05-22T18:39:14.845673+02:00] main.DEBUG: Session Check in Admin: 2, 1, marry  [] []
[2021-05-22T18:39:14.847386+02:00] main.DEBUG: Login successful for email marry@marry.com, from 127.0.0.1 on 2021-05-22 18:39:14  [] []
[2021-05-22T18:39:52.758023+02:00] main.DEBUG: Session Check in Admin: ,   [] []
[2021-05-22T18:44:27.638494+02:00] main.DEBUG: Session Check in Admin: ,   [] []
[2021-05-22T18:44:28.272513+02:00] main.DEBUG: Session Check in Admin: ,   [] []
[2021-05-22T18:44:38.900622+02:00] main.DEBUG: Session Check in Admin: ,   [] []
[2021-05-22T18:46:07.240629+02:00] main.DEBUG: Session Check in Admin: 2, 1, marry  [] []
[2021-05-22T18:46:07.242005+02:00] main.DEBUG: Login successful for email marry@marry.com, from 127.0.0.1 on 2021-05-22 18:46:07  [] []
[2021-05-22T18:46:08.830790+02:00] main.DEBUG: Session Check in Admin: ,   [] []
[2021-05-22T18:47:17.360436+02:00] main.DEBUG: Session Check in Admin: ,   [] []
[2021-05-22T18:57:09.839190+02:00] main.DEBUG: Session Check in Admin: 2, 1, marry  [] []
[2021-05-22T18:57:09.843926+02:00] main.DEBUG: Login successful for email marry@marry.com, from 127.0.0.1 on 2021-05-22 18:57:09  [] []
[2021-05-22T18:57:18.844294+02:00] main.DEBUG: Session Check in Admin: ,   [] []
[2021-05-22T19:02:11.775363+02:00] main.DEBUG: Session Check in Admin: 2, 1, marry  [] []
[2021-05-22T19:02:11.777473+02:00] main.DEBUG: Login successful for email marry@marry.com, from 127.0.0.1 on 2021-05-22 19:02:11  [] []
[2021-05-22T19:10:49.232026+02:00] main.DEBUG: Session Check in Admin: 2, 1, marry  [] []
[2021-05-22T19:10:49.235319+02:00] main.DEBUG: Login successful for email marry@marry.com, from 127.0.0.1 on 2021-05-22 19:10:49  [] []
[2021-05-22T19:10:57.322868+02:00] main.DEBUG: Session Check in Admin: ,   [] []
[2021-05-22T19:16:05.933690+02:00] main.DEBUG: Session Check in Admin: 2, 1, marry  [] []
[2021-05-22T19:16:05.936410+02:00] main.DEBUG: Login successful for email marry@marry.com, from 127.0.0.1 on 2021-05-22 19:16:05  [] []
[2021-05-22T19:16:11.535544+02:00] main.DEBUG: Session Check in Admin: ,   [] []
[2021-05-22T19:16:13.657432+02:00] main.DEBUG: Session Check in Admin: ,   [] []
[2021-05-22T19:19:23.653828+02:00] main.DEBUG: Session Check in Admin: 2, 1, marry  [] []
[2021-05-22T19:19:23.658691+02:00] main.DEBUG: Login successful for email marry@marry.com, from 127.0.0.1 on 2021-05-22 19:19:23  [] []
[2021-05-22T19:23:23.542798+02:00] main.DEBUG: Session Check in Admin: ,   [] []
[2021-05-22T19:23:28.842827+02:00] main.DEBUG: Session Check in Admin: ,   [] []
[2021-05-22T19:23:29.604426+02:00] main.DEBUG: Session Check in Admin: ,   [] []
[2021-05-22T19:23:55.522922+02:00] main.DEBUG: Session Check in Admin: 2, 1, marry  [] []
[2021-05-22T19:23:55.526765+02:00] main.DEBUG: Login successful for email marry@marry.com, from 127.0.0.1 on 2021-05-22 19:23:55  [] []
[2021-05-22T19:23:55.589933+02:00] main.DEBUG: Session Check in Admin: ,   [] []
[2021-05-22T20:14:21.619798+02:00] main.DEBUG: Session Check in Admin: ,   [] []
[2021-05-22T20:25:14.928861+02:00] main.DEBUG: Session Check in Admin: ,   [] []
[2021-05-22T20:25:28.710637+02:00] main.DEBUG: Session Check in Admin: 2, 1, marry  [] []
[2021-05-22T20:25:28.712798+02:00] main.DEBUG: Login successful for email marry@marry.com, from 127.0.0.1 on 2021-05-22 20:25:28  [] []
[2021-05-22T20:25:34.780573+02:00] main.DEBUG: Session Check in Admin: ,   [] []
[2021-05-22T20:33:55.763564+02:00] main.DEBUG: Session Check in Admin: 2, 1, marry  [] []
[2021-05-22T20:33:55.765797+02:00] main.DEBUG: Login successful for email marry@marry.com, from 127.0.0.1 on 2021-05-22 20:33:55  [] []
[2021-05-22T20:38:43.349678+02:00] main.DEBUG: Session Check in Admin: 2, 1, marry  [] []
[2021-05-22T20:38:43.355025+02:00] main.DEBUG: Login successful for email marry@marry.com, from 127.0.0.1 on 2021-05-22 20:38:43  [] []
[2021-05-22T20:38:48.177722+02:00] main.DEBUG: Session Check in Admin: 2, 1  [] []
[2021-05-22T20:41:11.657848+02:00] main.DEBUG: Logout successful for uid=2, from 127.0.0.1 [] []
[2021-05-22T20:44:27.887231+02:00] main.DEBUG: Session Check in Admin: ,   [] []
[2021-05-22T20:59:29.852522+02:00] main.DEBUG: Session Check in Admin: ,   [] []
[2021-05-22T20:59:41.180236+02:00] main.DEBUG: Session Check in Admin: 2, 1, marry  [] []
[2021-05-22T20:59:41.182340+02:00] main.DEBUG: Login successful for email marry@marry.com, from 127.0.0.1 on 2021-05-22 20:59:41  [] []
[2021-05-22T21:00:20.122653+02:00] main.DEBUG: Session Check in Admin: 2, 1  [] []
[2021-05-22T21:00:23.818152+02:00] main.DEBUG: Session Check in Admin: 2, 1  [] []
[2021-05-22T21:12:27.588390+02:00] main.DEBUG: Logout successful for uid=2, from 127.0.0.1 [] []
[2021-05-22T21:21:20.255737+02:00] main.DEBUG: Session Check in Admin: ,   [] []
[2021-05-22T21:21:24.139727+02:00] main.DEBUG: Session Check in Admin: ,   [] []
[2021-05-22T21:24:38.292918+02:00] main.DEBUG: Session Check in Admin: 2, 1, marry  [] []
[2021-05-22T21:24:38.298981+02:00] main.DEBUG: Login successful for email marry@marry.com, from 127.0.0.1 on 2021-05-22 21:24:38  [] []
[2021-05-22T21:24:40.988855+02:00] main.DEBUG: Session Check in Admin: 2, 1  [] []
[2021-05-22T21:24:50.753297+02:00] main.DEBUG: Session Check in Admin: 2, 1  [] []
[2021-05-22T21:31:53.671621+02:00] main.DEBUG: Session Check in Admin: 2, 1  [] []
[2021-05-22T21:43:37.502981+02:00] main.DEBUG: Logout successful for uid=2, from 127.0.0.1 [] []
[2021-05-23T02:20:12.573244+02:00] main.DEBUG: Session Check in Admin: 2, 1, marry  [] []
[2021-05-23T02:20:12.577614+02:00] main.DEBUG: Login successful for email marry@marry.com, from 127.0.0.1 on 2021-05-23 02:20:12  [] []
[2021-05-23T03:23:29.237301+02:00] main.DEBUG: Session Check in Admin: 2, 1  [] []
[2021-05-23T03:58:45.328140+02:00] main.DEBUG: Logout successful for uid=2, from 127.0.0.1 [] []
[2021-05-23T03:58:56.610727+02:00] main.DEBUG: Session Check in Admin: 3, 0, jerry  [] []
[2021-05-23T03:58:56.612277+02:00] main.DEBUG: Login successful for email jerry@jerry.com, from 127.0.0.1 on 2021-05-23 03:58:56  [] []
[2021-05-23T04:06:04.663480+02:00] main.DEBUG: Logout successful for uid=3, from 127.0.0.1 [] []
[2021-05-23T04:06:59.570272+02:00] main.DEBUG: Session Check in Admin: 2, 1, marry  [] []
[2021-05-23T04:06:59.572792+02:00] main.DEBUG: Login successful for email marry@marry.com, from 127.0.0.1 on 2021-05-23 04:06:59  [] []
[2021-05-23T04:07:04.868763+02:00] main.DEBUG: Session Check in Admin: 2, 1  [] []
[2021-05-23T04:13:43.249579+02:00] main.DEBUG: Session Check in Admin: 2, 1  [] []
[2021-05-23T04:19:40.995439+02:00] main.DEBUG: Session Check in Admin: 2, 1  [] []
[2021-05-23T04:20:27.655514+02:00] main.DEBUG: Session Check in Admin: 2, 1  [] []
[2021-05-23T04:21:24.641992+02:00] main.DEBUG: Session Check in Admin: 2, 1  [] []
[2021-05-23T04:21:27.353048+02:00] main.DEBUG: Session Check in Admin: 2, 1  [] []
[2021-05-23T04:21:34.432235+02:00] main.DEBUG: Session Check in Admin: 2, 1  [] []
[2021-05-23T04:21:50.213129+02:00] main.DEBUG: Session Check in Admin: 2, 1  [] []
[2021-05-23T04:22:31.952735+02:00] main.DEBUG: Session Check in Admin: 2, 1  [] []
[2021-05-23T04:22:44.757432+02:00] main.DEBUG: Session Check in Admin: 2, 1  [] []
[2021-05-23T04:22:51.490211+02:00] main.DEBUG: Session Check in Admin: 2, 1  [] []
[2021-05-23T04:23:03.960555+02:00] main.DEBUG: Session Check in Admin: 2, 1  [] []
[2021-05-23T04:23:14.409856+02:00] main.DEBUG: Session Check in Admin: 2, 1  [] []
[2021-05-23T04:23:42.821977+02:00] main.DEBUG: Session Check in Admin: 2, 1  [] []
[2021-05-23T04:24:19.108172+02:00] main.DEBUG: Session Check in Admin: 2, 1  [] []
[2021-05-23T04:24:51.520134+02:00] main.DEBUG: Session Check in Admin: 2, 1  [] []
[2021-05-23T04:24:53.603743+02:00] main.DEBUG: Session Check in Admin: 2, 1  [] []
[2021-05-23T04:26:42.823009+02:00] main.DEBUG: Session Check in Admin: 2, 1  [] []
[2021-05-23T04:27:15.653696+02:00] main.DEBUG: Session Check in Admin: 2, 1  [] []
[2021-05-23T04:30:41.514334+02:00] main.DEBUG: Session Check in Admin: 2, 1  [] []
[2021-05-23T04:33:47.987796+02:00] main.DEBUG: Session Check in Admin: 2, 1  [] []
[2021-05-23T04:34:51.545490+02:00] main.DEBUG: Session Check in Admin: 2, 1  [] []
[2021-05-23T04:35:11.269795+02:00] main.DEBUG: Session Check in Admin: 2, 1  [] []
[2021-05-23T04:35:25.746995+02:00] main.DEBUG: Session Check in Admin: 2, 1  [] []
[2021-05-23T04:36:32.833929+02:00] main.DEBUG: Session Check in Admin: 2, 1  [] []
[2021-05-23T04:37:13.521490+02:00] main.DEBUG: Session Check in Admin: 2, 1  [] []
[2021-05-23T04:37:35.057630+02:00] main.DEBUG: Session Check in Admin: 2, 1  [] []
[2021-05-23T04:37:56.871586+02:00] main.DEBUG: Session Check in Admin: 2, 1  [] []
[2021-05-23T04:38:18.732624+02:00] main.DEBUG: Session Check in Admin: 2, 1  [] []
[2021-05-23T04:38:40.372442+02:00] main.DEBUG: Session Check in Admin: 2, 1  [] []
[2021-05-23T04:40:03.490303+02:00] main.DEBUG: Session Check in Admin: 2, 1  [] []
[2021-05-23T04:41:10.287011+02:00] main.DEBUG: Session Check in Admin: 2, 1  [] []
[2021-05-23T04:43:26.813892+02:00] main.DEBUG: Session Check in Admin: 2, 1  [] []
[2021-05-23T04:43:50.751966+02:00] main.DEBUG: Session Check in Admin: 2, 1  [] []
[2021-05-23T04:44:00.268834+02:00] main.DEBUG: Session Check in Admin: 2, 1  [] []
[2021-05-23T04:44:57.226740+02:00] main.DEBUG: Session Check in Admin: 2, 1  [] []
[2021-05-23T04:45:14.281858+02:00] main.DEBUG: Session Check in Admin: 2, 1  [] []
[2021-05-23T04:47:48.071263+02:00] main.DEBUG: Session Check in Admin: 2, 1  [] []
[2021-05-23T04:48:27.878679+02:00] main.DEBUG: Session Check in Admin: 2, 1  [] []
[2021-05-23T04:51:00.871163+02:00] main.DEBUG: Session Check in Admin: 2, 1  [] []
[2021-05-23T04:51:45.355745+02:00] main.DEBUG: Session Check in Admin: 2, 1  [] []
[2021-05-23T04:52:01.929290+02:00] main.DEBUG: Session Check in Admin: 2, 1  [] []
[2021-05-23T04:52:59.472918+02:00] main.DEBUG: Session Check in Admin: 2, 1  [] []
[2021-05-23T04:53:27.762724+02:00] main.DEBUG: Session Check in Admin: 2, 1  [] []
[2021-05-23T04:53:41.557601+02:00] main.DEBUG: Session Check in Admin: 2, 1  [] []
[2021-05-23T04:54:25.752044+02:00] main.DEBUG: Session Check in Admin: 2, 1  [] []
[2021-05-23T04:55:04.098927+02:00] main.DEBUG: Session Check in Admin: 2, 1  [] []
[2021-05-23T04:55:21.410805+02:00] main.DEBUG: Session Check in Admin: 2, 1  [] []
[2021-05-23T04:55:28.842799+02:00] main.DEBUG: Session Check in Admin: 2, 1  [] []
[2021-05-23T04:55:44.092757+02:00] main.DEBUG: Session Check in Admin: 2, 1  [] []
[2021-05-23T05:01:57.352000+02:00] main.DEBUG: Session Check in Admin: 2, 1  [] []
[2021-05-23T05:31:25.506700+02:00] main.DEBUG: Session Check in Admin: 2, 1, marry  [] []
[2021-05-23T05:31:25.509377+02:00] main.DEBUG: Login successful for email marry@marry.com, from 127.0.0.1 on 2021-05-23 05:31:25  [] []
[2021-05-23T05:31:29.398585+02:00] main.DEBUG: Session Check in Admin: 2, 1  [] []
[2021-05-23T05:33:51.989828+02:00] main.DEBUG: Session Check in Admin: 2, 1  [] []
[2021-05-23T05:40:18.572938+02:00] main.DEBUG: Session Check in Admin: 2, 1  [] []
[2021-05-23T05:41:18.910204+02:00] main.DEBUG: Session Check in Admin: 2, 1  [] []
[2021-05-23T05:48:27.843429+02:00] main.DEBUG: Session Check in Admin: 2, 1, marry  [] []
[2021-05-23T05:48:27.845076+02:00] main.DEBUG: Login successful for email marry@marry.com, from 127.0.0.1 on 2021-05-23 05:48:27  [] []
[2021-05-23T05:48:29.619392+02:00] main.DEBUG: Session Check in Admin: 2, 1  [] []
[2021-05-23T06:33:32.327994+02:00] main.DEBUG: Session Check in Admin: 2, 1  [] []
[2021-05-23T07:03:28.068168+02:00] main.DEBUG: Session Check in Admin: 2, 1  [] []
[2021-05-23T07:03:50.873666+02:00] main.DEBUG: Session Check in Admin: 2, 1  [] []
[2021-05-23T07:03:57.136982+02:00] main.DEBUG: Session Check in Admin: 2, 1  [] []
[2021-05-23T07:24:38.664152+02:00] main.DEBUG: Logout successful for uid=2, from 127.0.0.1 [] []
[2021-05-23T07:33:17.707621+02:00] main.DEBUG: Session Check in Admin: 3, 0, jerry  [] []
[2021-05-23T07:33:17.709233+02:00] main.DEBUG: Login successful for email jerry@jerry.com, from 127.0.0.1 on 2021-05-23 07:33:17  [] []
[2021-05-23T07:33:26.863316+02:00] main.DEBUG: Logout successful for uid=3, from 127.0.0.1 [] []
[2021-05-23T07:46:16.298137+02:00] main.DEBUG: Session Check in Admin: 3, 0, jerry  [] []
[2021-05-23T07:46:16.299743+02:00] main.DEBUG: Login successful for email jerry@jerry.com, from 127.0.0.1 on 2021-05-23 07:46:16  [] []
[2021-05-23T07:49:50.950970+02:00] main.DEBUG: Logout successful for uid=3, from 127.0.0.1 [] []
[2021-05-23T07:55:58.789574+02:00] main.DEBUG: Session Check in Admin: 2, 1, marry  [] []
[2021-05-23T07:55:58.791160+02:00] main.DEBUG: Login successful for email marry@marry.com, from 127.0.0.1 on 2021-05-23 07:55:58  [] []
[2021-05-23T07:56:05.697068+02:00] main.DEBUG: Session Check in Admin: 2, 1  [] []
[2021-05-23T08:00:19.824342+02:00] main.DEBUG: Session Check in Admin: 2, 1  [] []
[2021-05-24T05:07:24.317060+02:00] main.ERROR: Database error: Unable to connect to MySQL server! Error: No connection could be made because the target machine actively refused it.  [] []
[2021-05-24T05:07:28.203854+02:00] main.ERROR: Database error: Unable to connect to MySQL server! Error: No connection could be made because the target machine actively refused it.  [] []
[2021-05-24T05:07:40.132421+02:00] main.ERROR: Database error: Unable to connect to MySQL server! Error: No connection could be made because the target machine actively refused it.  [] []
[2021-05-24T05:08:58.781496+02:00] main.DEBUG: Session Check in Admin: 2, 1, marry  [] []
[2021-05-24T05:08:58.782715+02:00] main.DEBUG: Login successful for email marry@marry.com, from 127.0.0.1 on 2021-05-24 05:08:58  [] []
[2021-05-24T05:09:02.574421+02:00] main.DEBUG: Session Check in Admin: 2, 1  [] []
[2021-05-24T05:09:11.285183+02:00] main.DEBUG: Session Check in Admin: 2, 1  [] []
[2021-05-24T05:09:12.940294+02:00] main.DEBUG: Session Check in Admin: 2, 1  [] []
[2021-05-24T05:09:17.405785+02:00] main.DEBUG: Session Check in Admin: 2, 1  [] []
[2021-05-24T05:09:24.659985+02:00] main.DEBUG: Session Check in Admin: 2, 1  [] []
[2021-05-24T05:10:15.108612+02:00] main.DEBUG: Logout successful for uid=2, from 127.0.0.1 [] []
[2021-05-24T05:11:32.965250+02:00] main.DEBUG: Session Check in Admin: 2, 1, marry  [] []
[2021-05-24T05:11:32.966768+02:00] main.DEBUG: Login successful for email marry@marry.com, from 127.0.0.1 on 2021-05-24 05:11:32  [] []
[2021-05-24T05:11:38.405867+02:00] main.DEBUG: Session Check in Admin: 2, 1  [] []
[2021-05-24T05:11:50.629088+02:00] main.DEBUG: Session Check in Admin: 2, 1  [] []
[2021-05-24T05:17:08.433860+02:00] main.DEBUG: Logout successful for uid=2, from 127.0.0.1 [] []
[2021-05-24T05:17:44.800476+02:00] main.DEBUG: Session Check in Admin: 2, 1, marry  [] []
[2021-05-24T05:17:44.802076+02:00] main.DEBUG: Login successful for email marry@marry.com, from 127.0.0.1 on 2021-05-24 05:17:44  [] []
[2021-05-24T05:17:47.486747+02:00] main.DEBUG: Session Check in Admin: 2, 1  [] []
[2021-05-24T05:23:59.130291+02:00] main.DEBUG: Session Check in Admin: 2, 1  [] []
[2021-05-24T05:24:27.508684+02:00] main.DEBUG: Logout successful for uid=2, from 127.0.0.1 [] []
[2021-05-24T06:01:35.040738+02:00] main.ERROR: Database error: Unable to connect to MySQL server! Error: No connection could be made because the target machine actively refused it.  [] []
[2021-05-24T06:01:39.213163+02:00] main.ERROR: Database error: Unable to connect to MySQL server! Error: No connection could be made because the target machine actively refused it.  [] []
[2021-05-24T06:01:53.656689+02:00] main.ERROR: Database error: Unable to connect to MySQL server! Error: No connection could be made because the target machine actively refused it.  [] []
[2021-05-24T06:01:57.815092+02:00] main.ERROR: Database error: Unable to connect to MySQL server! Error: No connection could be made because the target machine actively refused it.  [] []
[2021-05-24T06:02:21.150770+02:00] main.ERROR: Database error: Unable to connect to MySQL server! Error: No connection could be made because the target machine actively refused it.  [] []
[2021-05-24T06:02:57.610861+02:00] main.DEBUG: Session Check in Admin: 2, 1, marry  [] []
[2021-05-24T06:02:57.612076+02:00] main.DEBUG: Login successful for email marry@marry.com, from 127.0.0.1 on 2021-05-24 06:02:57  [] []
[2021-05-24T06:08:19.959218+02:00] main.DEBUG: Logout successful for uid=2, from 127.0.0.1 [] []
[2021-05-24T06:11:27.332661+02:00] main.DEBUG: Session Check in Admin: 2, 1, marry  [] []
[2021-05-24T06:11:27.334377+02:00] main.DEBUG: Login successful for email marry@marry.com, from 127.0.0.1 on 2021-05-24 06:11:27  [] []
[2021-05-24T06:16:22.625715+02:00] main.INFO: Login failed for email  from 127.0.0.1 on 2021-05-24 06:16:22  [] []
[2021-05-24T06:16:36.069059+02:00] main.INFO: Login failed for email  from 127.0.0.1 on 2021-05-24 06:16:36  [] []
[2021-05-24T06:16:37.522789+02:00] main.INFO: Login failed for email  from 127.0.0.1 on 2021-05-24 06:16:37  [] []
[2021-05-24T06:16:53.010981+02:00] main.INFO: Login failed for email marry@marry.com from 127.0.0.1 on 2021-05-24 06:16:53  [] []
[2021-05-24T06:17:00.794729+02:00] main.INFO: Login failed for email mary@mary.com from 127.0.0.1 on 2021-05-24 06:17:00  [] []
[2021-05-24T06:17:10.114394+02:00] main.DEBUG: Session Check in Admin: 2, 1, marry  [] []
[2021-05-24T06:17:10.115656+02:00] main.DEBUG: Login successful for email marry@marry.com, from 127.0.0.1 on 2021-05-24 06:17:10  [] []
[2021-05-24T06:18:25.874724+02:00] main.DEBUG: Logout successful for uid=2, from 127.0.0.1 [] []
[2021-05-24T06:23:24.004159+02:00] main.ERROR: Database error: Unable to connect to MySQL server! Error: No connection could be made because the target machine actively refused it.  [] []
[2021-05-24T06:23:28.236486+02:00] main.ERROR: Database error: Unable to connect to MySQL server! Error: No connection could be made because the target machine actively refused it.  [] []
[2021-05-24T06:23:40.577243+02:00] main.ERROR: Database error: Unable to connect to MySQL server! Error: No connection could be made because the target machine actively refused it.  [] []
[2021-05-24T06:24:00.227375+02:00] main.DEBUG: Session Check in Admin: 2, 1, marry  [] []
[2021-05-24T06:24:00.228593+02:00] main.DEBUG: Login successful for email marry@marry.com, from 127.0.0.1 on 2021-05-24 06:24:00  [] []
[2021-05-24T06:24:01.783610+02:00] main.DEBUG: Session Check in Admin: 2, 1  [] []
[2021-05-24T06:24:38.467680+02:00] main.DEBUG: Session Check in Admin: 2, 1  [] []
[2021-05-24T06:24:43.823584+02:00] main.DEBUG: Logout successful for uid=2, from 127.0.0.1 [] []
[2021-05-24T06:32:29.521508+02:00] main.DEBUG: Session Check in Admin: 2, 1, marry  [] []
[2021-05-24T06:32:29.523057+02:00] main.DEBUG: Login successful for email marry@marry.com, from 127.0.0.1 on 2021-05-24 06:32:29  [] []
[2021-05-24T06:32:31.243026+02:00] main.DEBUG: Session Check in Admin: 2, 1  [] []
[2021-05-24T06:35:44.118914+02:00] main.DEBUG: Logout successful for uid=2, from 127.0.0.1 [] []
[2021-05-24T06:38:41.411880+02:00] main.DEBUG: Session Check in Admin: 3, 0, jerry  [] []
[2021-05-24T06:38:41.413630+02:00] main.DEBUG: Login successful for email jerry@jerry.com, from 127.0.0.1 on 2021-05-24 06:38:41  [] []
[2021-05-24T06:40:48.745893+02:00] main.INFO: Login failed for email  from 127.0.0.1 on 2021-05-24 06:40:48  [] []
[2021-05-24T06:41:36.322455+02:00] main.INFO: Login failed for email  from 127.0.0.1 on 2021-05-24 06:41:36  [] []
[2021-05-24T06:41:53.795577+02:00] main.DEBUG: Session Check in Admin: 3, 0, jerry  [] []
[2021-05-24T06:41:53.796801+02:00] main.DEBUG: Login successful for email jerry@jerry.com, from 127.0.0.1 on 2021-05-24 06:41:53  [] []
[2021-05-24T16:06:43.705344+02:00] main.DEBUG: Session Check in Admin: 2, 1, marry  [] []
[2021-05-24T16:06:43.762132+02:00] main.DEBUG: Login successful for email marry@marry.com, from 127.0.0.1 on 2021-05-24 16:06:43  [] []
[2021-05-24T16:09:40.684415+02:00] main.DEBUG: /rent GET handler triggered [] []
[2021-05-24T16:09:40.711856+02:00] main.DEBUG: all variables ok before rendering rent page [] []
[2021-05-24T16:09:41.576051+02:00] main.DEBUG: /rent GET handler triggered [] []
[2021-05-24T16:09:41.581515+02:00] main.DEBUG: all variables ok before rendering rent page [] []
[2021-05-24T16:10:17.909574+02:00] main.DEBUG: /rent GET handler triggered [] []
[2021-05-24T16:10:17.914661+02:00] main.DEBUG: all variables ok before rendering rent page [] []
[2021-05-24T16:10:30.571058+02:00] main.DEBUG: /rent GET handler triggered [] []
[2021-05-24T16:10:30.575874+02:00] main.DEBUG: all variables ok before rendering rent page [] []
[2021-05-24T16:13:15.631187+02:00] main.DEBUG: /rent GET handler triggered [] []
[2021-05-24T16:13:15.637641+02:00] main.DEBUG: all variables ok before rendering rent page [] []
[2021-05-24T16:13:36.093496+02:00] main.DEBUG: /rent GET handler triggered [] []
[2021-05-24T16:13:36.100698+02:00] main.DEBUG: all variables ok before rendering rent page [] []
[2021-05-24T16:14:05.224006+02:00] main.DEBUG: /rent GET handler triggered [] []
[2021-05-24T16:14:05.229925+02:00] main.DEBUG: all variables ok before rendering rent page [] []
[2021-05-24T16:14:23.976710+02:00] main.DEBUG: /rent GET handler triggered [] []
[2021-05-24T16:14:23.983794+02:00] main.DEBUG: all variables ok before rendering rent page [] []
[2021-05-24T16:15:51.125599+02:00] main.DEBUG: /rent GET handler triggered [] []
[2021-05-24T16:15:51.135433+02:00] main.DEBUG: all variables ok before rendering rent page [] []
[2021-05-24T16:16:12.722351+02:00] main.DEBUG: /rent GET handler triggered [] []
[2021-05-24T16:16:12.730560+02:00] main.DEBUG: all variables ok before rendering rent page [] []
[2021-05-24T16:16:36.443304+02:00] main.DEBUG: /rent GET handler triggered [] []
[2021-05-24T16:16:36.449013+02:00] main.DEBUG: all variables ok before rendering rent page [] []
[2021-05-24T16:17:01.827588+02:00] main.DEBUG: /rent GET handler triggered [] []
[2021-05-24T16:17:01.853604+02:00] main.DEBUG: all variables ok before rendering rent page [] []
[2021-05-24T16:17:10.420867+02:00] main.DEBUG: /rent GET handler triggered [] []
[2021-05-24T16:17:10.428599+02:00] main.DEBUG: all variables ok before rendering rent page [] []
[2021-05-24T16:17:18.770844+02:00] main.DEBUG: /rent GET handler triggered [] []
[2021-05-24T16:17:18.778048+02:00] main.DEBUG: all variables ok before rendering rent page [] []
[2021-05-24T16:17:44.686046+02:00] main.DEBUG: /rent GET handler triggered [] []
[2021-05-24T16:17:44.692591+02:00] main.DEBUG: all variables ok before rendering rent page [] []
[2021-05-24T16:18:24.027878+02:00] main.DEBUG: /rent GET handler triggered [] []
[2021-05-24T16:18:24.033922+02:00] main.DEBUG: all variables ok before rendering rent page [] []
[2021-05-24T16:19:00.667663+02:00] main.DEBUG: /rent GET handler triggered [] []
[2021-05-24T16:19:00.673186+02:00] main.DEBUG: all variables ok before rendering rent page [] []
[2021-05-24T16:19:06.960524+02:00] main.DEBUG: /rent GET handler triggered [] []
[2021-05-24T16:19:06.966818+02:00] main.DEBUG: all variables ok before rendering rent page [] []
[2021-05-24T16:19:37.142334+02:00] main.DEBUG: /rent GET handler triggered [] []
[2021-05-24T16:19:37.147387+02:00] main.DEBUG: all variables ok before rendering rent page [] []
[2021-05-24T16:20:21.352679+02:00] main.DEBUG: /rent GET handler triggered [] []
[2021-05-24T16:20:21.379770+02:00] main.DEBUG: all variables ok before rendering rent page [] []
[2021-05-24T16:20:52.765099+02:00] main.DEBUG: /rent GET handler triggered [] []
[2021-05-24T16:20:52.789328+02:00] main.DEBUG: all variables ok before rendering rent page [] []
[2021-05-24T16:21:27.658908+02:00] main.DEBUG: /rent GET handler triggered [] []
[2021-05-24T16:21:27.669367+02:00] main.DEBUG: all variables ok before rendering rent page [] []
[2021-05-24T16:21:43.045911+02:00] main.DEBUG: /rent GET handler triggered [] []
[2021-05-24T16:21:43.050731+02:00] main.DEBUG: all variables ok before rendering rent page [] []
[2021-05-24T16:21:52.595097+02:00] main.DEBUG: /rent GET handler triggered [] []
[2021-05-24T16:21:52.600022+02:00] main.DEBUG: all variables ok before rendering rent page [] []
[2021-05-24T16:22:06.966792+02:00] main.DEBUG: /rent GET handler triggered [] []
[2021-05-24T16:22:06.975073+02:00] main.DEBUG: all variables ok before rendering rent page [] []
[2021-05-24T16:22:44.535613+02:00] main.DEBUG: /rent GET handler triggered [] []
[2021-05-24T16:22:44.559224+02:00] main.DEBUG: all variables ok before rendering rent page [] []
[2021-05-24T16:23:01.874984+02:00] main.DEBUG: /rent POST handler triggered [] []
[2021-05-24T16:23:01.912629+02:00] main.DEBUG: /user heading to rental extras page [] []
[2021-05-24T16:26:33.169661+02:00] main.DEBUG: /rent GET handler triggered [] []
[2021-05-24T16:26:33.175575+02:00] main.DEBUG: all variables ok before rendering rent page [] []
[2021-05-24T16:26:36.279175+02:00] main.DEBUG: /rent GET handler triggered [] []
[2021-05-24T16:26:36.285945+02:00] main.DEBUG: all variables ok before rendering rent page [] []
[2021-05-24T16:27:12.747153+02:00] main.DEBUG: /rent GET handler triggered [] []
[2021-05-24T16:27:12.752223+02:00] main.DEBUG: all variables ok before rendering rent page [] []
[2021-05-24T16:27:30.167272+02:00] main.DEBUG: /rent GET handler triggered [] []
[2021-05-24T16:27:30.171841+02:00] main.DEBUG: all variables ok before rendering rent page [] []
[2021-05-24T16:27:36.913172+02:00] main.DEBUG: /rent POST handler triggered [] []
[2021-05-24T16:27:36.918180+02:00] main.DEBUG: /user heading to rental extras page [] []
[2021-05-24T16:28:40.118209+02:00] main.DEBUG: /rent POST handler triggered [] []
[2021-05-24T16:28:40.136342+02:00] main.DEBUG: /user heading to rental extras page [] []
[2021-05-24T16:28:42.404434+02:00] main.DEBUG: /rent GET handler triggered [] []
[2021-05-24T16:28:42.410158+02:00] main.DEBUG: all variables ok before rendering rent page [] []
[2021-05-24T16:28:43.683139+02:00] main.DEBUG: /rent POST handler triggered [] []
[2021-05-24T16:28:43.687421+02:00] main.DEBUG: /user heading to rental extras page [] []
[2021-05-24T16:29:05.430282+02:00] main.DEBUG: /rent GET handler triggered [] []
[2021-05-24T16:29:05.436824+02:00] main.DEBUG: all variables ok before rendering rent page [] []
[2021-05-24T16:29:07.325535+02:00] main.DEBUG: /rent POST handler triggered [] []
[2021-05-24T16:29:07.350760+02:00] main.DEBUG: /user heading to rental extras page [] []
[2021-05-24T16:29:29.418330+02:00] main.DEBUG: /rent POST handler triggered [] []
[2021-05-24T16:29:29.447590+02:00] main.DEBUG: /user heading to rental extras page [] []
[2021-05-24T16:29:53.788389+02:00] main.DEBUG: /rent POST handler triggered [] []
[2021-05-24T16:29:53.792653+02:00] main.DEBUG: /user heading to rental extras page [] []
[2021-05-24T16:30:26.388929+02:00] main.DEBUG: /rent POST handler triggered [] []
[2021-05-24T16:30:26.393307+02:00] main.DEBUG: /user heading to rental extras page [] []
[2021-05-24T16:30:30.378306+02:00] main.DEBUG: /rent GET handler triggered [] []
[2021-05-24T16:30:30.383636+02:00] main.DEBUG: all variables ok before rendering rent page [] []
[2021-05-24T16:30:32.694734+02:00] main.DEBUG: /rent POST handler triggered [] []
[2021-05-24T16:30:32.699827+02:00] main.DEBUG: /user heading to rental extras page [] []
[2021-05-24T16:30:45.401166+02:00] main.DEBUG: /rent POST handler triggered [] []
[2021-05-24T16:30:45.407377+02:00] main.DEBUG: /user heading to rental extras page [] []
[2021-05-24T16:31:01.595780+02:00] main.DEBUG: /rent POST handler triggered [] []
[2021-05-24T16:31:01.615866+02:00] main.DEBUG: /user heading to rental extras page [] []
[2021-05-24T16:31:52.963851+02:00] main.DEBUG: /rent POST handler triggered [] []
[2021-05-24T16:31:52.968805+02:00] main.DEBUG: /user heading to rental extras page [] []
[2021-05-24T16:32:16.699144+02:00] main.DEBUG: /rent POST handler triggered [] []
[2021-05-24T16:32:16.704894+02:00] main.DEBUG: /user heading to rental extras page [] []
[2021-05-24T16:33:39.015409+02:00] main.DEBUG: /rent POST handler triggered [] []
[2021-05-24T16:33:39.020946+02:00] main.DEBUG: /user heading to rental extras page [] []
[2021-05-24T16:34:33.973166+02:00] main.DEBUG: /rent POST handler triggered [] []
[2021-05-24T16:34:33.977692+02:00] main.DEBUG: /user heading to rental extras page [] []
[2021-05-24T16:34:47.728554+02:00] main.DEBUG: /rent POST handler triggered [] []
[2021-05-24T16:34:47.733608+02:00] main.DEBUG: /user heading to rental extras page [] []
[2021-05-24T16:35:13.467737+02:00] main.DEBUG: /rent POST handler triggered [] []
[2021-05-24T16:35:13.472260+02:00] main.DEBUG: /user heading to rental extras page [] []
[2021-05-24T16:35:42.955294+02:00] main.DEBUG: /rent POST handler triggered [] []
[2021-05-24T16:35:42.961298+02:00] main.DEBUG: /user heading to rental extras page [] []
[2021-05-24T16:35:50.258179+02:00] main.DEBUG: /rent POST handler triggered [] []
[2021-05-24T16:35:50.279062+02:00] main.INFO: user heading to checkout [] []
[2021-05-24T16:36:33.556973+02:00] main.DEBUG: /rent GET handler triggered [] []
[2021-05-24T16:36:33.563178+02:00] main.DEBUG: all variables ok before rendering rent page [] []
[2021-05-24T16:36:40.369110+02:00] main.DEBUG: /rent POST handler triggered [] []
[2021-05-24T16:36:40.376062+02:00] main.DEBUG: /user heading to rental extras page [] []
[2021-05-24T16:36:43.185611+02:00] main.DEBUG: /rent POST handler triggered [] []
[2021-05-24T16:36:43.191216+02:00] main.INFO: user heading to checkout [] []
[2021-05-24T16:37:22.266047+02:00] main.DEBUG: /rent POST handler triggered [] []
[2021-05-24T16:37:22.273375+02:00] main.INFO: user heading to checkout [] []
[2021-05-24T16:38:13.196576+02:00] main.DEBUG: Session Check in Admin: 2, 1  [] []
[2021-05-24T16:45:13.945216+02:00] main.DEBUG: Session Check in Admin: 2, 1  [] []
[2021-05-24T16:46:32.259080+02:00] main.DEBUG: /rent GET handler triggered [] []
[2021-05-24T16:46:32.269256+02:00] main.DEBUG: all variables ok before rendering rent page [] []
[2021-05-24T16:46:33.835964+02:00] main.DEBUG: /rent GET handler triggered [] []
[2021-05-24T16:46:33.840584+02:00] main.DEBUG: all variables ok before rendering rent page [] []
[2021-05-24T16:49:10.372837+02:00] main.DEBUG: /rent GET handler triggered [] []
[2021-05-24T16:49:10.378682+02:00] main.DEBUG: all variables ok before rendering rent page [] []
[2021-05-24T16:49:13.167859+02:00] main.DEBUG: /rent POST handler triggered [] []
[2021-05-24T16:49:13.173665+02:00] main.DEBUG: /user heading to rental extras page [] []
[2021-05-24T16:49:22.120027+02:00] main.DEBUG: /rent GET handler triggered [] []
[2021-05-24T16:49:22.126631+02:00] main.DEBUG: all variables ok before rendering rent page [] []
[2021-05-24T16:49:35.991210+02:00] main.DEBUG: /rent POST handler triggered [] []
[2021-05-24T16:49:36.021396+02:00] main.DEBUG: /user heading to rental extras page [] []
[2021-05-24T16:50:53.297145+02:00] main.DEBUG: /rent POST handler triggered [] []
[2021-05-24T16:50:53.301419+02:00] main.DEBUG: /user heading to rental extras page [] []
[2021-05-24T16:52:46.294778+02:00] main.DEBUG: /rent POST handler triggered [] []
[2021-05-24T16:52:46.298871+02:00] main.DEBUG: /user heading to rental extras page [] []
[2021-05-24T16:53:21.704884+02:00] main.DEBUG: /rent POST handler triggered [] []
[2021-05-24T16:53:21.712164+02:00] main.DEBUG: /user heading to rental extras page [] []
[2021-05-24T16:53:35.081286+02:00] main.DEBUG: /rent POST handler triggered [] []
[2021-05-24T16:53:35.087784+02:00] main.DEBUG: /user heading to rental extras page [] []
[2021-05-24T16:54:17.628735+02:00] main.DEBUG: /rent POST handler triggered [] []
[2021-05-24T16:54:17.633049+02:00] main.DEBUG: /user heading to rental extras page [] []
[2021-05-24T16:54:48.058633+02:00] main.DEBUG: /rent GET handler triggered [] []
[2021-05-24T16:54:48.065184+02:00] main.DEBUG: all variables ok before rendering rent page [] []
[2021-05-24T16:55:23.578855+02:00] main.DEBUG: /rent POST handler triggered [] []
[2021-05-24T16:55:23.582964+02:00] main.DEBUG: /user heading to rental extras page [] []
[2021-05-24T16:55:35.533148+02:00] main.DEBUG: /rent POST handler triggered [] []
[2021-05-24T16:55:35.538819+02:00] main.DEBUG: /user heading to rental extras page [] []
[2021-05-24T16:56:56.580841+02:00] main.DEBUG: /rent POST handler triggered [] []
[2021-05-24T16:56:56.584779+02:00] main.DEBUG: /user heading to rental extras page [] []
[2021-05-24T16:57:07.621858+02:00] main.DEBUG: /rent POST handler triggered [] []
[2021-05-24T16:57:07.625976+02:00] main.DEBUG: /user heading to rental extras page [] []
[2021-05-24T16:57:46.703196+02:00] main.DEBUG: /rent GET handler triggered [] []
[2021-05-24T16:57:46.729234+02:00] main.DEBUG: all variables ok before rendering rent page [] []
[2021-05-24T16:58:45.533688+02:00] main.DEBUG: /rent GET handler triggered [] []
[2021-05-24T16:58:45.539875+02:00] main.DEBUG: all variables ok before rendering rent page [] []
[2021-05-24T16:58:47.880081+02:00] main.DEBUG: /rent POST handler triggered [] []
[2021-05-24T16:58:47.886460+02:00] main.DEBUG: /user heading to rental extras page [] []
[2021-05-24T17:00:53.047173+02:00] main.DEBUG: /rent POST handler triggered [] []
[2021-05-24T17:00:53.052257+02:00] main.DEBUG: /user heading to rental extras page [] []
[2021-05-24T17:01:30.984853+02:00] main.DEBUG: /rent POST handler triggered [] []
[2021-05-24T17:01:30.988779+02:00] main.DEBUG: /user heading to rental extras page [] []
[2021-05-24T17:01:59.471340+02:00] main.DEBUG: /rent POST handler triggered [] []
[2021-05-24T17:01:59.476190+02:00] main.DEBUG: /user heading to rental extras page [] []
[2021-05-24T17:02:12.104995+02:00] main.DEBUG: /rent POST handler triggered [] []
[2021-05-24T17:02:12.109465+02:00] main.DEBUG: /user heading to rental extras page [] []
[2021-05-24T17:02:51.627243+02:00] main.DEBUG: /rent POST handler triggered [] []
[2021-05-24T17:02:51.631376+02:00] main.DEBUG: /user heading to rental extras page [] []
[2021-05-24T17:03:04.553148+02:00] main.DEBUG: /rent POST handler triggered [] []
[2021-05-24T17:03:04.557196+02:00] main.DEBUG: /user heading to rental extras page [] []
[2021-05-24T17:03:38.583895+02:00] main.DEBUG: /rent POST handler triggered [] []
[2021-05-24T17:03:38.589431+02:00] main.DEBUG: /user heading to rental extras page [] []
[2021-05-24T17:04:01.316832+02:00] main.DEBUG: /rent POST handler triggered [] []
[2021-05-24T17:04:01.320911+02:00] main.DEBUG: /user heading to rental extras page [] []
[2021-05-24T17:04:26.478176+02:00] main.DEBUG: /rent POST handler triggered [] []
[2021-05-24T17:04:26.484235+02:00] main.DEBUG: /user heading to rental extras page [] []
[2021-05-24T17:04:50.376435+02:00] main.DEBUG: /rent POST handler triggered [] []
[2021-05-24T17:04:50.383601+02:00] main.INFO: user heading to checkout [] []
[2021-05-24T17:05:00.914291+02:00] main.DEBUG: /rent GET handler triggered [] []
[2021-05-24T17:05:00.921254+02:00] main.DEBUG: all variables ok before rendering rent page [] []
[2021-05-24T17:05:26.687892+02:00] main.DEBUG: /rent GET handler triggered [] []
[2021-05-24T17:05:26.692604+02:00] main.DEBUG: all variables ok before rendering rent page [] []
[2021-05-24T17:05:29.760787+02:00] main.DEBUG: /rent POST handler triggered [] []
[2021-05-24T17:05:29.766193+02:00] main.DEBUG: /user heading to rental extras page [] []
[2021-05-24T17:05:34.543450+02:00] main.DEBUG: /rent GET handler triggered [] []
[2021-05-24T17:05:34.548634+02:00] main.DEBUG: all variables ok before rendering rent page [] []
[2021-05-24T17:05:39.211003+02:00] main.DEBUG: /rent GET handler triggered [] []
[2021-05-24T17:05:39.217206+02:00] main.DEBUG: all variables ok before rendering rent page [] []
[2021-05-24T17:05:42.580114+02:00] main.DEBUG: /rent GET handler triggered [] []
[2021-05-24T17:05:42.588458+02:00] main.DEBUG: all variables ok before rendering rent page [] []
[2021-05-24T17:05:49.024548+02:00] main.DEBUG: Session Check in Admin: 2, 1  [] []
[2021-05-24T17:05:56.837642+02:00] main.DEBUG: Logout successful for uid=2, from 127.0.0.1 [] []
[2021-05-25T16:11:54.505652+02:00] main.ERROR: Database error: Unable to connect to MySQL server! Error: No connection could be made because the target machine actively refused it.  [] []
[2021-05-25T16:11:58.238694+02:00] main.ERROR: Database error: Unable to connect to MySQL server! Error: No connection could be made because the target machine actively refused it.  [] []
[2021-05-25T16:24:56.162286+02:00] main.DEBUG: Session Check in Admin: 2, 1, marry  [] []
[2021-05-25T16:24:56.163921+02:00] main.DEBUG: Login successful for email marry@marry.com, from 127.0.0.1 on 2021-05-25 16:24:56  [] []
[2021-05-25T16:24:56.163973+02:00] main.DEBUG: Driver Lisence: Bdf51326  [] []
[2021-05-25T16:41:19.171845+02:00] main.DEBUG: Session Check in Admin: 2, 1  [] []
[2021-05-25T16:57:22.490333+02:00] main.DEBUG: Logout successful for uid=2, from 127.0.0.1 [] []
[2021-05-25T23:35:50.352357+02:00] main.DEBUG: Session Check in Admin: 2, 1, marry  [] []
[2021-05-25T23:35:50.417594+02:00] main.DEBUG: Login successful for email marry@marry.com, from 127.0.0.1 on 2021-05-25 23:35:50  [] []
[2021-05-25T23:35:50.417713+02:00] main.DEBUG: Driver Lisence: Bdf51326  [] []
[2021-05-25T23:36:03.939874+02:00] main.DEBUG: Session Check in Admin: 2, 1, marry  [] []
[2021-05-25T23:36:03.941684+02:00] main.DEBUG: Login successful for email marry@marry.com, from 127.0.0.1 on 2021-05-25 23:36:03  [] []
[2021-05-25T23:36:03.941744+02:00] main.DEBUG: Driver Lisence: Bdf51326  [] []
[2021-05-25T23:45:34.943490+02:00] main.DEBUG: Logout successful for uid=2, from 127.0.0.1 [] []
[2021-05-26T00:12:18.460313+02:00] main.DEBUG: Session Check in Admin: 2, 1, marry  [] []
[2021-05-26T00:12:18.461930+02:00] main.DEBUG: Login successful for email marry@marry.com, from 127.0.0.1 on 2021-05-26 00:12:18  [] []
[2021-05-26T00:12:18.461980+02:00] main.DEBUG: Driver Lisence: Bdf51326  [] []
[2021-05-26T00:12:21.746990+02:00] main.DEBUG: Session Check in Admin: 2, 1  [] []
[2021-05-26T00:22:13.397121+02:00] main.DEBUG: Logout successful for uid=2, from 127.0.0.1 [] []
[2021-05-26T00:22:23.993642+02:00] main.DEBUG: Session Check in Admin: 2, 1, marry  [] []
[2021-05-26T00:22:23.995165+02:00] main.DEBUG: Login successful for email marry@marry.com, from 127.0.0.1 on 2021-05-26 00:22:23  [] []
[2021-05-26T00:22:23.995215+02:00] main.DEBUG: Driver Lisence: Bdf51326  [] []
[2021-05-26T00:25:36.511711+02:00] main.DEBUG: Logout successful for uid=2, from 127.0.0.1 [] []
[2021-05-26T00:26:01.328946+02:00] main.DEBUG: Session Check in Admin: 2, 1, marry  [] []
[2021-05-26T00:26:01.330207+02:00] main.DEBUG: Login successful for email marry@marry.com, from 127.0.0.1 on 2021-05-26 00:26:01  [] []
[2021-05-26T00:26:01.330256+02:00] main.DEBUG: Driver Lisence: Bdf51326  [] []
[2021-05-26T00:30:48.517068+02:00] main.DEBUG: Session Check in Admin: 2, 1  [] []
[2021-05-26T00:34:50.671664+02:00] main.DEBUG: Record users added id=5 [] []
[2021-05-26T00:35:16.637735+02:00] main.DEBUG: Logout successful for uid=2, from 127.0.0.1 [] []
[2021-05-26T00:35:24.258318+02:00] main.DEBUG: Session Check in Admin: 5, 0, steven  [] []
[2021-05-26T00:35:24.259671+02:00] main.DEBUG: Login successful for email steven@steven.com, from 127.0.0.1 on 2021-05-26 00:35:24  [] []
[2021-05-26T00:35:24.259727+02:00] main.DEBUG: Driver Lisence: BG123  [] []
[2021-05-26T00:35:24.259769+02:00] main.DEBUG: A redirect to new password page happens. [] []
[2021-05-26T00:47:20.471734+02:00] main.DEBUG: New password: Steven123 [] []
[2021-05-26T00:47:20.473737+02:00] main.DEBUG: New password2: Steven123 [] []
[2021-05-26T00:47:20.473803+02:00] main.DEBUG: New passwords are verified . [] []
[2021-05-26T00:47:35.447134+02:00] main.DEBUG: Session Check in Admin: 5, 0, steven  [] []
[2021-05-26T00:47:35.448814+02:00] main.DEBUG: Login successful for email steven@steven.com, from 127.0.0.1 on 2021-05-26 00:47:35  [] []
[2021-05-26T00:47:35.448866+02:00] main.DEBUG: Driver Lisence: BG123  [] []
[2021-05-26T00:48:06.937331+02:00] main.DEBUG: Logout successful for uid=5, from 127.0.0.1 [] []
[2021-05-26T00:48:15.218434+02:00] main.DEBUG: Session Check in Admin: 2, 1, marry  [] []
[2021-05-26T00:48:15.219748+02:00] main.DEBUG: Login successful for email marry@marry.com, from 127.0.0.1 on 2021-05-26 00:48:15  [] []
[2021-05-26T00:48:15.219804+02:00] main.DEBUG: Driver Lisence: Bdf51326  [] []
[2021-05-26T00:48:17.785336+02:00] main.DEBUG: Session Check in Admin: 2, 1  [] []
[2021-05-26T00:50:29.899866+02:00] main.DEBUG: Logout successful for uid=2, from 127.0.0.1 [] []
